{"time":"2023-06-17T15:01:41.467+02:00","version":"1","message":"Extracting table columns took 256ms","logger_name":"Exposed","thread_name":"main","level":"INFO","level_value":20000}
{"time":"2023-06-17T15:01:41.523+02:00","version":"1","message":"Extracting column constraints took 39ms","logger_name":"Exposed","thread_name":"main","level":"INFO","level_value":20000}
{"time":"2023-06-17T15:01:41.696+02:00","version":"1","message":"starting server: Undertow - 2.3.6.Final","logger_name":"io.undertow","thread_name":"main","level":"INFO","level_value":20000}
{"time":"2023-06-17T15:01:41.714+02:00","version":"1","message":"XNIO version 3.8.8.Final","logger_name":"org.xnio","thread_name":"main","level":"INFO","level_value":20000}
{"time":"2023-06-17T15:01:41.732+02:00","version":"1","message":"XNIO NIO Implementation Version 3.8.8.Final","logger_name":"org.xnio.nio","thread_name":"main","level":"INFO","level_value":20000}
{"time":"2023-06-17T15:01:41.834+02:00","version":"1","message":"JBoss Threads version 3.5.0.Final","logger_name":"org.jboss.threads","thread_name":"main","level":"INFO","level_value":20000}
{"time":"2023-06-17T15:01:42.371+02:00","version":"1","message":"stopping server: Undertow - 2.3.6.Final","logger_name":"io.undertow","thread_name":"main","level":"INFO","level_value":20000}
{"time":"2023-06-17T15:01:42.482+02:00","version":"1","message":"Extracting table columns took 34ms","logger_name":"Exposed","thread_name":"main","level":"INFO","level_value":20000}
{"time":"2023-06-17T15:01:42.519+02:00","version":"1","message":"Extracting column constraints took 36ms","logger_name":"Exposed","thread_name":"main","level":"INFO","level_value":20000}
{"time":"2023-06-17T15:01:42.521+02:00","version":"1","message":"starting server: Undertow - 2.3.6.Final","logger_name":"io.undertow","thread_name":"main","level":"INFO","level_value":20000}
{"time":"2023-06-17T15:01:47.316+02:00","version":"1","message":"Validation exception","logger_name":"app","thread_name":"XNIO-2 task-2","level":"INFO","level_value":20000,"stack_trace":"me.snitchon.example.types.ValidationException: invalid email: foobar\n\tat me.snitchon.example.types.CreateUserAction.<init>(Actions.kt:9)\n\tat me.snitchon.example.types.CreateUserAction.<init>(Actions.kt)\n\tat me.snitchon.example.types.CreateUserAction.<init>(Actions.kt:5)\n\tat me.snitchon.example.api.users.UsersControllerKt$createUser$2$1.invoke(UsersController.kt:122)\n\tat me.snitchon.example.api.users.UsersControllerKt$createUser$2$1.invoke(UsersController.kt:120)\n\tat org.jetbrains.exposed.sql.transactions.ThreadLocalTransactionManagerKt.inTopLevelTransaction$run(ThreadLocalTransactionManager.kt:215)\n\tat org.jetbrains.exposed.sql.transactions.ThreadLocalTransactionManagerKt.access$inTopLevelTransaction$run(ThreadLocalTransactionManager.kt:1)\n\tat org.jetbrains.exposed.sql.transactions.ThreadLocalTransactionManagerKt$inTopLevelTransaction$1.invoke(ThreadLocalTransactionManager.kt:241)\n\tat org.jetbrains.exposed.sql.transactions.ThreadLocalTransactionManagerKt.keepAndRestoreTransactionRefAfterRun(ThreadLocalTransactionManager.kt:249)\n\tat org.jetbrains.exposed.sql.transactions.ThreadLocalTransactionManagerKt.inTopLevelTransaction(ThreadLocalTransactionManager.kt:240)\n\tat org.jetbrains.exposed.sql.transactions.ThreadLocalTransactionManagerKt$transaction$1.invoke(ThreadLocalTransactionManager.kt:190)\n\tat org.jetbrains.exposed.sql.transactions.ThreadLocalTransactionManagerKt.keepAndRestoreTransactionRefAfterRun(ThreadLocalTransactionManager.kt:249)\n\tat org.jetbrains.exposed.sql.transactions.ThreadLocalTransactionManagerKt.transaction(ThreadLocalTransactionManager.kt:160)\n\tat org.jetbrains.exposed.sql.transactions.ThreadLocalTransactionManagerKt.transaction(ThreadLocalTransactionManager.kt:146)\n\tat org.jetbrains.exposed.sql.transactions.ThreadLocalTransactionManagerKt.transaction$default(ThreadLocalTransactionManager.kt:145)\n\tat me.snitchon.example.api.users.UsersControllerKt$createUser$2.invoke-yeD6tYs(UsersController.kt:120)\n\tat me.snitchon.example.api.users.UsersControllerKt$createUser$2.invoke(UsersController.kt:119)\n\tat me.snitchon.Router$all$1$1.invoke(Router.kt:78)\n\tat me.snitchon.Router$all$1$1.invoke(Router.kt:76)\n\tat undertow.snitch.spark.UndertowSnitchService.handle$lambda$6(UndertowService.kt:119)\n\tat org.jboss.threads.ContextHandler$1.runWith(ContextHandler.java:18)\n\tat org.jboss.threads.EnhancedQueueExecutor$Task.run(EnhancedQueueExecutor.java:2513)\n\tat org.jboss.threads.EnhancedQueueExecutor$ThreadBody.run(EnhancedQueueExecutor.java:1538)\n\tat org.xnio.XnioWorker$WorkerThreadFactory$1$1.run(XnioWorker.java:1282)\n\tat java.base/java.lang.Thread.run(Thread.java:833)\n"}
{"time":"2023-06-17T15:01:47.347+02:00","version":"1","message":"stopping server: Undertow - 2.3.6.Final","logger_name":"io.undertow","thread_name":"main","level":"INFO","level_value":20000}
{"time":"2023-06-17T15:01:47.375+02:00","version":"1","message":"Extracting table columns took 23ms","logger_name":"Exposed","thread_name":"main","level":"INFO","level_value":20000}
{"time":"2023-06-17T15:01:47.407+02:00","version":"1","message":"Extracting column constraints took 31ms","logger_name":"Exposed","thread_name":"main","level":"INFO","level_value":20000}
{"time":"2023-06-17T15:01:47.409+02:00","version":"1","message":"starting server: Undertow - 2.3.6.Final","logger_name":"io.undertow","thread_name":"main","level":"INFO","level_value":20000}
{"time":"2023-06-17T15:01:49.243+02:00","version":"1","message":"stopping server: Undertow - 2.3.6.Final","logger_name":"io.undertow","thread_name":"main","level":"INFO","level_value":20000}
{"time":"2023-06-17T16:09:11.902+02:00","version":"1","message":"Extracting table columns took 274ms","logger_name":"Exposed","thread_name":"main","level":"INFO","level_value":20000}
{"time":"2023-06-17T16:09:11.969+02:00","version":"1","message":"Extracting column constraints took 39ms","logger_name":"Exposed","thread_name":"main","level":"INFO","level_value":20000}
{"time":"2023-06-17T16:09:12.178+02:00","version":"1","message":"starting server: Undertow - 2.3.6.Final","logger_name":"io.undertow","thread_name":"main","level":"INFO","level_value":20000}
{"time":"2023-06-17T16:09:12.189+02:00","version":"1","message":"XNIO version 3.8.8.Final","logger_name":"org.xnio","thread_name":"main","level":"INFO","level_value":20000}
{"time":"2023-06-17T16:09:12.212+02:00","version":"1","message":"XNIO NIO Implementation Version 3.8.8.Final","logger_name":"org.xnio.nio","thread_name":"main","level":"INFO","level_value":20000}
{"time":"2023-06-17T16:09:12.337+02:00","version":"1","message":"JBoss Threads version 3.5.0.Final","logger_name":"org.jboss.threads","thread_name":"main","level":"INFO","level_value":20000}
{"time":"2023-06-17T16:09:12.879+02:00","version":"1","message":"stopping server: Undertow - 2.3.6.Final","logger_name":"io.undertow","thread_name":"main","level":"INFO","level_value":20000}
{"time":"2023-06-17T16:09:12.973+02:00","version":"1","message":"Extracting table columns took 27ms","logger_name":"Exposed","thread_name":"main","level":"INFO","level_value":20000}
{"time":"2023-06-17T16:09:13.001+02:00","version":"1","message":"Extracting column constraints took 27ms","logger_name":"Exposed","thread_name":"main","level":"INFO","level_value":20000}
{"time":"2023-06-17T16:09:13.004+02:00","version":"1","message":"starting server: Undertow - 2.3.6.Final","logger_name":"io.undertow","thread_name":"main","level":"INFO","level_value":20000}
{"time":"2023-06-17T16:09:17.547+02:00","version":"1","message":"Validation exception","logger_name":"app","thread_name":"XNIO-2 task-2","level":"INFO","level_value":20000,"stack_trace":"me.snitchon.example.types.ValidationException: invalid email: foobar\n\tat me.snitchon.example.types.CreateUserAction.<init>(Actions.kt:9)\n\tat me.snitchon.example.types.CreateUserAction.<init>(Actions.kt)\n\tat me.snitchon.example.types.CreateUserAction.<init>(Actions.kt:5)\n\tat me.snitchon.example.api.users.UsersControllerKt$createUser$2$1.invoke(UsersController.kt:119)\n\tat me.snitchon.example.api.users.UsersControllerKt$createUser$2$1.invoke(UsersController.kt:117)\n\tat org.jetbrains.exposed.sql.transactions.ThreadLocalTransactionManagerKt.inTopLevelTransaction$run(ThreadLocalTransactionManager.kt:215)\n\tat org.jetbrains.exposed.sql.transactions.ThreadLocalTransactionManagerKt.access$inTopLevelTransaction$run(ThreadLocalTransactionManager.kt:1)\n\tat org.jetbrains.exposed.sql.transactions.ThreadLocalTransactionManagerKt$inTopLevelTransaction$1.invoke(ThreadLocalTransactionManager.kt:241)\n\tat org.jetbrains.exposed.sql.transactions.ThreadLocalTransactionManagerKt.keepAndRestoreTransactionRefAfterRun(ThreadLocalTransactionManager.kt:249)\n\tat org.jetbrains.exposed.sql.transactions.ThreadLocalTransactionManagerKt.inTopLevelTransaction(ThreadLocalTransactionManager.kt:240)\n\tat org.jetbrains.exposed.sql.transactions.ThreadLocalTransactionManagerKt$transaction$1.invoke(ThreadLocalTransactionManager.kt:190)\n\tat org.jetbrains.exposed.sql.transactions.ThreadLocalTransactionManagerKt.keepAndRestoreTransactionRefAfterRun(ThreadLocalTransactionManager.kt:249)\n\tat org.jetbrains.exposed.sql.transactions.ThreadLocalTransactionManagerKt.transaction(ThreadLocalTransactionManager.kt:160)\n\tat org.jetbrains.exposed.sql.transactions.ThreadLocalTransactionManagerKt.transaction(ThreadLocalTransactionManager.kt:146)\n\tat org.jetbrains.exposed.sql.transactions.ThreadLocalTransactionManagerKt.transaction$default(ThreadLocalTransactionManager.kt:145)\n\tat me.snitchon.example.api.users.UsersControllerKt$createUser$2.invoke-yeD6tYs(UsersController.kt:117)\n\tat me.snitchon.example.api.users.UsersControllerKt$createUser$2.invoke(UsersController.kt:116)\n\tat me.snitchon.Router$apply$1$1.invoke(Router.kt:77)\n\tat me.snitchon.Router$apply$1$1.invoke(Router.kt:75)\n\tat undertow.snitch.spark.UndertowSnitchService.handle$lambda$6(UndertowService.kt:119)\n\tat org.jboss.threads.ContextHandler$1.runWith(ContextHandler.java:18)\n\tat org.jboss.threads.EnhancedQueueExecutor$Task.run(EnhancedQueueExecutor.java:2513)\n\tat org.jboss.threads.EnhancedQueueExecutor$ThreadBody.run(EnhancedQueueExecutor.java:1538)\n\tat org.xnio.XnioWorker$WorkerThreadFactory$1$1.run(XnioWorker.java:1282)\n\tat java.base/java.lang.Thread.run(Thread.java:833)\n"}
{"time":"2023-06-17T16:09:17.576+02:00","version":"1","message":"stopping server: Undertow - 2.3.6.Final","logger_name":"io.undertow","thread_name":"main","level":"INFO","level_value":20000}
{"time":"2023-06-17T16:09:17.612+02:00","version":"1","message":"Extracting table columns took 26ms","logger_name":"Exposed","thread_name":"main","level":"INFO","level_value":20000}
{"time":"2023-06-17T16:09:17.639+02:00","version":"1","message":"Extracting column constraints took 27ms","logger_name":"Exposed","thread_name":"main","level":"INFO","level_value":20000}
{"time":"2023-06-17T16:09:17.643+02:00","version":"1","message":"starting server: Undertow - 2.3.6.Final","logger_name":"io.undertow","thread_name":"main","level":"INFO","level_value":20000}
{"time":"2023-06-17T16:09:19.375+02:00","version":"1","message":"stopping server: Undertow - 2.3.6.Final","logger_name":"io.undertow","thread_name":"main","level":"INFO","level_value":20000}
{"time":"2023-06-17T16:10:50.139+02:00","version":"1","message":"Extracting table columns took 261ms","logger_name":"Exposed","thread_name":"main","level":"INFO","level_value":20000}
{"time":"2023-06-17T16:10:50.195+02:00","version":"1","message":"Extracting column constraints took 40ms","logger_name":"Exposed","thread_name":"main","level":"INFO","level_value":20000}
{"time":"2023-06-17T16:10:50.478+02:00","version":"1","message":"starting server: Undertow - 2.3.6.Final","logger_name":"io.undertow","thread_name":"main","level":"INFO","level_value":20000}
{"time":"2023-06-17T16:10:50.489+02:00","version":"1","message":"XNIO version 3.8.8.Final","logger_name":"org.xnio","thread_name":"main","level":"INFO","level_value":20000}
{"time":"2023-06-17T16:10:50.513+02:00","version":"1","message":"XNIO NIO Implementation Version 3.8.8.Final","logger_name":"org.xnio.nio","thread_name":"main","level":"INFO","level_value":20000}
{"time":"2023-06-17T16:10:50.625+02:00","version":"1","message":"JBoss Threads version 3.5.0.Final","logger_name":"org.jboss.threads","thread_name":"main","level":"INFO","level_value":20000}
{"time":"2023-06-17T16:10:51.118+02:00","version":"1","message":"stopping server: Undertow - 2.3.6.Final","logger_name":"io.undertow","thread_name":"main","level":"INFO","level_value":20000}
{"time":"2023-06-17T16:10:51.221+02:00","version":"1","message":"Extracting table columns took 25ms","logger_name":"Exposed","thread_name":"main","level":"INFO","level_value":20000}
{"time":"2023-06-17T16:10:51.255+02:00","version":"1","message":"Extracting column constraints took 33ms","logger_name":"Exposed","thread_name":"main","level":"INFO","level_value":20000}
{"time":"2023-06-17T16:10:51.258+02:00","version":"1","message":"starting server: Undertow - 2.3.6.Final","logger_name":"io.undertow","thread_name":"main","level":"INFO","level_value":20000}
{"time":"2023-06-17T16:10:55.762+02:00","version":"1","message":"Validation exception","logger_name":"app","thread_name":"XNIO-2 task-2","level":"INFO","level_value":20000,"stack_trace":"me.snitchon.example.types.ValidationException: invalid email: foobar\n\tat me.snitchon.example.types.CreateUserAction.<init>(Actions.kt:9)\n\tat me.snitchon.example.types.CreateUserAction.<init>(Actions.kt)\n\tat me.snitchon.example.types.CreateUserAction.<init>(Actions.kt:5)\n\tat me.snitchon.example.api.users.UsersControllerKt$createUser$2$1.invoke(UsersController.kt:119)\n\tat me.snitchon.example.api.users.UsersControllerKt$createUser$2$1.invoke(UsersController.kt:117)\n\tat org.jetbrains.exposed.sql.transactions.ThreadLocalTransactionManagerKt.inTopLevelTransaction$run(ThreadLocalTransactionManager.kt:215)\n\tat org.jetbrains.exposed.sql.transactions.ThreadLocalTransactionManagerKt.access$inTopLevelTransaction$run(ThreadLocalTransactionManager.kt:1)\n\tat org.jetbrains.exposed.sql.transactions.ThreadLocalTransactionManagerKt$inTopLevelTransaction$1.invoke(ThreadLocalTransactionManager.kt:241)\n\tat org.jetbrains.exposed.sql.transactions.ThreadLocalTransactionManagerKt.keepAndRestoreTransactionRefAfterRun(ThreadLocalTransactionManager.kt:249)\n\tat org.jetbrains.exposed.sql.transactions.ThreadLocalTransactionManagerKt.inTopLevelTransaction(ThreadLocalTransactionManager.kt:240)\n\tat org.jetbrains.exposed.sql.transactions.ThreadLocalTransactionManagerKt$transaction$1.invoke(ThreadLocalTransactionManager.kt:190)\n\tat org.jetbrains.exposed.sql.transactions.ThreadLocalTransactionManagerKt.keepAndRestoreTransactionRefAfterRun(ThreadLocalTransactionManager.kt:249)\n\tat org.jetbrains.exposed.sql.transactions.ThreadLocalTransactionManagerKt.transaction(ThreadLocalTransactionManager.kt:160)\n\tat org.jetbrains.exposed.sql.transactions.ThreadLocalTransactionManagerKt.transaction(ThreadLocalTransactionManager.kt:146)\n\tat org.jetbrains.exposed.sql.transactions.ThreadLocalTransactionManagerKt.transaction$default(ThreadLocalTransactionManager.kt:145)\n\tat me.snitchon.example.api.users.UsersControllerKt$createUser$2.invoke-yeD6tYs(UsersController.kt:117)\n\tat me.snitchon.example.api.users.UsersControllerKt$createUser$2.invoke(UsersController.kt:116)\n\tat me.snitchon.Router$apply$1$1.invoke(Router.kt:77)\n\tat me.snitchon.Router$apply$1$1.invoke(Router.kt:75)\n\tat undertow.snitch.spark.UndertowSnitchService.handle$lambda$6(UndertowService.kt:119)\n\tat org.jboss.threads.ContextHandler$1.runWith(ContextHandler.java:18)\n\tat org.jboss.threads.EnhancedQueueExecutor$Task.run(EnhancedQueueExecutor.java:2513)\n\tat org.jboss.threads.EnhancedQueueExecutor$ThreadBody.run(EnhancedQueueExecutor.java:1538)\n\tat org.xnio.XnioWorker$WorkerThreadFactory$1$1.run(XnioWorker.java:1282)\n\tat java.base/java.lang.Thread.run(Thread.java:833)\n"}
{"time":"2023-06-17T16:10:55.792+02:00","version":"1","message":"stopping server: Undertow - 2.3.6.Final","logger_name":"io.undertow","thread_name":"main","level":"INFO","level_value":20000}
{"time":"2023-06-17T16:10:55.826+02:00","version":"1","message":"Extracting table columns took 23ms","logger_name":"Exposed","thread_name":"main","level":"INFO","level_value":20000}
{"time":"2023-06-17T16:10:55.850+02:00","version":"1","message":"Extracting column constraints took 24ms","logger_name":"Exposed","thread_name":"main","level":"INFO","level_value":20000}
{"time":"2023-06-17T16:10:55.853+02:00","version":"1","message":"starting server: Undertow - 2.3.6.Final","logger_name":"io.undertow","thread_name":"main","level":"INFO","level_value":20000}
{"time":"2023-06-17T16:10:57.598+02:00","version":"1","message":"stopping server: Undertow - 2.3.6.Final","logger_name":"io.undertow","thread_name":"main","level":"INFO","level_value":20000}
{"time":"2023-06-17T17:21:32.612+02:00","version":"1","message":"Extracting table columns took 286ms","logger_name":"Exposed","thread_name":"main","level":"INFO","level_value":20000}
{"time":"2023-06-17T17:21:32.677+02:00","version":"1","message":"Extracting column constraints took 40ms","logger_name":"Exposed","thread_name":"main","level":"INFO","level_value":20000}
{"time":"2023-06-17T17:21:33.043+02:00","version":"1","message":"Extracting table columns took 39ms","logger_name":"Exposed","thread_name":"main","level":"INFO","level_value":20000}
{"time":"2023-06-17T17:21:33.045+02:00","version":"1","message":"Extracting column constraints took 0ms","logger_name":"Exposed","thread_name":"main","level":"INFO","level_value":20000}
{"time":"2023-06-17T17:21:33.102+02:00","version":"1","message":"Extracting table columns took 38ms","logger_name":"Exposed","thread_name":"main","level":"INFO","level_value":20000}
{"time":"2023-06-17T17:21:33.103+02:00","version":"1","message":"Extracting column constraints took 0ms","logger_name":"Exposed","thread_name":"main","level":"INFO","level_value":20000}
{"time":"2023-06-17T17:22:39.743+02:00","version":"1","message":"Extracting table columns took 259ms","logger_name":"Exposed","thread_name":"main","level":"INFO","level_value":20000}
{"time":"2023-06-17T17:22:39.803+02:00","version":"1","message":"Extracting column constraints took 40ms","logger_name":"Exposed","thread_name":"main","level":"INFO","level_value":20000}
{"time":"2023-06-17T17:22:40.054+02:00","version":"1","message":"starting server: Undertow - 2.3.6.Final","logger_name":"io.undertow","thread_name":"main","level":"INFO","level_value":20000}
{"time":"2023-06-17T17:22:40.065+02:00","version":"1","message":"XNIO version 3.8.8.Final","logger_name":"org.xnio","thread_name":"main","level":"INFO","level_value":20000}
{"time":"2023-06-17T17:22:40.089+02:00","version":"1","message":"XNIO NIO Implementation Version 3.8.8.Final","logger_name":"org.xnio.nio","thread_name":"main","level":"INFO","level_value":20000}
{"time":"2023-06-17T17:22:40.202+02:00","version":"1","message":"JBoss Threads version 3.5.0.Final","logger_name":"org.jboss.threads","thread_name":"main","level":"INFO","level_value":20000}
{"time":"2023-06-17T17:22:40.792+02:00","version":"1","message":"stopping server: Undertow - 2.3.6.Final","logger_name":"io.undertow","thread_name":"main","level":"INFO","level_value":20000}
{"time":"2023-06-17T17:22:40.908+02:00","version":"1","message":"Extracting table columns took 31ms","logger_name":"Exposed","thread_name":"main","level":"INFO","level_value":20000}
{"time":"2023-06-17T17:22:40.944+02:00","version":"1","message":"Extracting column constraints took 35ms","logger_name":"Exposed","thread_name":"main","level":"INFO","level_value":20000}
{"time":"2023-06-17T17:22:40.948+02:00","version":"1","message":"starting server: Undertow - 2.3.6.Final","logger_name":"io.undertow","thread_name":"main","level":"INFO","level_value":20000}
{"time":"2023-06-17T17:22:41.634+02:00","version":"1","message":"stopping server: Undertow - 2.3.6.Final","logger_name":"io.undertow","thread_name":"main","level":"INFO","level_value":20000}
{"time":"2023-06-17T17:22:41.663+02:00","version":"1","message":"Extracting table columns took 23ms","logger_name":"Exposed","thread_name":"main","level":"INFO","level_value":20000}
{"time":"2023-06-17T17:22:41.689+02:00","version":"1","message":"Extracting column constraints took 26ms","logger_name":"Exposed","thread_name":"main","level":"INFO","level_value":20000}
{"time":"2023-06-17T17:22:41.693+02:00","version":"1","message":"starting server: Undertow - 2.3.6.Final","logger_name":"io.undertow","thread_name":"main","level":"INFO","level_value":20000}
{"time":"2023-06-17T17:22:43.822+02:00","version":"1","message":"stopping server: Undertow - 2.3.6.Final","logger_name":"io.undertow","thread_name":"main","level":"INFO","level_value":20000}
{"time":"2023-06-17T17:23:35.815+02:00","version":"1","message":"Extracting table columns took 347ms","logger_name":"Exposed","thread_name":"main","level":"INFO","level_value":20000}
{"time":"2023-06-17T17:23:35.875+02:00","version":"1","message":"Extracting column constraints took 41ms","logger_name":"Exposed","thread_name":"main","level":"INFO","level_value":20000}
{"time":"2023-06-17T17:23:36.129+02:00","version":"1","message":"starting server: Undertow - 2.3.6.Final","logger_name":"io.undertow","thread_name":"main","level":"INFO","level_value":20000}
{"time":"2023-06-17T17:23:36.149+02:00","version":"1","message":"XNIO version 3.8.8.Final","logger_name":"org.xnio","thread_name":"main","level":"INFO","level_value":20000}
{"time":"2023-06-17T17:23:36.173+02:00","version":"1","message":"XNIO NIO Implementation Version 3.8.8.Final","logger_name":"org.xnio.nio","thread_name":"main","level":"INFO","level_value":20000}
{"time":"2023-06-17T17:23:36.287+02:00","version":"1","message":"JBoss Threads version 3.5.0.Final","logger_name":"org.jboss.threads","thread_name":"main","level":"INFO","level_value":20000}
{"time":"2023-06-17T17:23:36.913+02:00","version":"1","message":"stopping server: Undertow - 2.3.6.Final","logger_name":"io.undertow","thread_name":"main","level":"INFO","level_value":20000}
{"time":"2023-06-17T17:23:37.061+02:00","version":"1","message":"Extracting table columns took 41ms","logger_name":"Exposed","thread_name":"main","level":"INFO","level_value":20000}
{"time":"2023-06-17T17:23:37.094+02:00","version":"1","message":"Extracting column constraints took 32ms","logger_name":"Exposed","thread_name":"main","level":"INFO","level_value":20000}
{"time":"2023-06-17T17:23:37.100+02:00","version":"1","message":"starting server: Undertow - 2.3.6.Final","logger_name":"io.undertow","thread_name":"main","level":"INFO","level_value":20000}
{"time":"2023-06-17T17:23:37.864+02:00","version":"1","message":"stopping server: Undertow - 2.3.6.Final","logger_name":"io.undertow","thread_name":"main","level":"INFO","level_value":20000}
{"time":"2023-06-17T17:23:37.900+02:00","version":"1","message":"Extracting table columns took 27ms","logger_name":"Exposed","thread_name":"main","level":"INFO","level_value":20000}
{"time":"2023-06-17T17:23:37.929+02:00","version":"1","message":"Extracting column constraints took 28ms","logger_name":"Exposed","thread_name":"main","level":"INFO","level_value":20000}
{"time":"2023-06-17T17:23:37.932+02:00","version":"1","message":"starting server: Undertow - 2.3.6.Final","logger_name":"io.undertow","thread_name":"main","level":"INFO","level_value":20000}
{"time":"2023-06-17T17:23:40.078+02:00","version":"1","message":"stopping server: Undertow - 2.3.6.Final","logger_name":"io.undertow","thread_name":"main","level":"INFO","level_value":20000}
{"time":"2023-06-17T17:25:08.011+02:00","version":"1","message":"Extracting table columns took 303ms","logger_name":"Exposed","thread_name":"main","level":"INFO","level_value":20000}
{"time":"2023-06-17T17:25:08.071+02:00","version":"1","message":"Extracting column constraints took 41ms","logger_name":"Exposed","thread_name":"main","level":"INFO","level_value":20000}
{"time":"2023-06-17T17:25:08.343+02:00","version":"1","message":"starting server: Undertow - 2.3.6.Final","logger_name":"io.undertow","thread_name":"main","level":"INFO","level_value":20000}
{"time":"2023-06-17T17:25:08.355+02:00","version":"1","message":"XNIO version 3.8.8.Final","logger_name":"org.xnio","thread_name":"main","level":"INFO","level_value":20000}
{"time":"2023-06-17T17:25:08.386+02:00","version":"1","message":"XNIO NIO Implementation Version 3.8.8.Final","logger_name":"org.xnio.nio","thread_name":"main","level":"INFO","level_value":20000}
{"time":"2023-06-17T17:25:08.548+02:00","version":"1","message":"JBoss Threads version 3.5.0.Final","logger_name":"org.jboss.threads","thread_name":"main","level":"INFO","level_value":20000}
{"time":"2023-06-17T17:25:09.274+02:00","version":"1","message":"stopping server: Undertow - 2.3.6.Final","logger_name":"io.undertow","thread_name":"main","level":"INFO","level_value":20000}
{"time":"2023-06-17T17:25:09.395+02:00","version":"1","message":"Extracting table columns took 36ms","logger_name":"Exposed","thread_name":"main","level":"INFO","level_value":20000}
{"time":"2023-06-17T17:25:09.427+02:00","version":"1","message":"Extracting column constraints took 31ms","logger_name":"Exposed","thread_name":"main","level":"INFO","level_value":20000}
{"time":"2023-06-17T17:25:09.431+02:00","version":"1","message":"starting server: Undertow - 2.3.6.Final","logger_name":"io.undertow","thread_name":"main","level":"INFO","level_value":20000}
{"time":"2023-06-17T17:25:14.724+02:00","version":"1","message":"Validation exception","logger_name":"app","thread_name":"XNIO-2 task-2","level":"INFO","level_value":20000,"stack_trace":"me.snitchon.example.types.ValidationException: invalid email: foobar\n\tat me.snitchon.example.types.CreateUserAction.<init>(Actions.kt:9)\n\tat me.snitchon.example.types.CreateUserAction.<init>(Actions.kt)\n\tat me.snitchon.example.types.CreateUserAction.<init>(Actions.kt:5)\n\tat me.snitchon.example.api.users.UsersControllerKt$createUser$2$1.invoke(UsersController.kt:122)\n\tat me.snitchon.example.api.users.UsersControllerKt$createUser$2$1.invoke(UsersController.kt:120)\n\tat org.jetbrains.exposed.sql.transactions.ThreadLocalTransactionManagerKt.inTopLevelTransaction$run(ThreadLocalTransactionManager.kt:215)\n\tat org.jetbrains.exposed.sql.transactions.ThreadLocalTransactionManagerKt.access$inTopLevelTransaction$run(ThreadLocalTransactionManager.kt:1)\n\tat org.jetbrains.exposed.sql.transactions.ThreadLocalTransactionManagerKt$inTopLevelTransaction$1.invoke(ThreadLocalTransactionManager.kt:241)\n\tat org.jetbrains.exposed.sql.transactions.ThreadLocalTransactionManagerKt.keepAndRestoreTransactionRefAfterRun(ThreadLocalTransactionManager.kt:249)\n\tat org.jetbrains.exposed.sql.transactions.ThreadLocalTransactionManagerKt.inTopLevelTransaction(ThreadLocalTransactionManager.kt:240)\n\tat org.jetbrains.exposed.sql.transactions.ThreadLocalTransactionManagerKt$transaction$1.invoke(ThreadLocalTransactionManager.kt:190)\n\tat org.jetbrains.exposed.sql.transactions.ThreadLocalTransactionManagerKt.keepAndRestoreTransactionRefAfterRun(ThreadLocalTransactionManager.kt:249)\n\tat org.jetbrains.exposed.sql.transactions.ThreadLocalTransactionManagerKt.transaction(ThreadLocalTransactionManager.kt:160)\n\tat org.jetbrains.exposed.sql.transactions.ThreadLocalTransactionManagerKt.transaction(ThreadLocalTransactionManager.kt:146)\n\tat org.jetbrains.exposed.sql.transactions.ThreadLocalTransactionManagerKt.transaction$default(ThreadLocalTransactionManager.kt:145)\n\tat me.snitchon.example.api.users.UsersControllerKt$createUser$2.invoke-yeD6tYs(UsersController.kt:120)\n\tat me.snitchon.example.api.users.UsersControllerKt$createUser$2.invoke(UsersController.kt:119)\n\tat me.snitchon.Router$apply$1$1.invoke(Router.kt:77)\n\tat me.snitchon.Router$apply$1$1.invoke(Router.kt:75)\n\tat undertow.snitch.spark.UndertowSnitchService.handle$lambda$6(UndertowService.kt:119)\n\tat org.jboss.threads.ContextHandler$1.runWith(ContextHandler.java:18)\n\tat org.jboss.threads.EnhancedQueueExecutor$Task.run(EnhancedQueueExecutor.java:2513)\n\tat org.jboss.threads.EnhancedQueueExecutor$ThreadBody.run(EnhancedQueueExecutor.java:1538)\n\tat org.xnio.XnioWorker$WorkerThreadFactory$1$1.run(XnioWorker.java:1282)\n\tat java.base/java.lang.Thread.run(Thread.java:833)\n"}
{"time":"2023-06-17T17:25:14.757+02:00","version":"1","message":"stopping server: Undertow - 2.3.6.Final","logger_name":"io.undertow","thread_name":"main","level":"INFO","level_value":20000}
{"time":"2023-06-17T17:25:14.790+02:00","version":"1","message":"Extracting table columns took 24ms","logger_name":"Exposed","thread_name":"main","level":"INFO","level_value":20000}
{"time":"2023-06-17T17:25:14.816+02:00","version":"1","message":"Extracting column constraints took 26ms","logger_name":"Exposed","thread_name":"main","level":"INFO","level_value":20000}
{"time":"2023-06-17T17:25:14.819+02:00","version":"1","message":"starting server: Undertow - 2.3.6.Final","logger_name":"io.undertow","thread_name":"main","level":"INFO","level_value":20000}
{"time":"2023-06-17T17:25:16.745+02:00","version":"1","message":"stopping server: Undertow - 2.3.6.Final","logger_name":"io.undertow","thread_name":"main","level":"INFO","level_value":20000}
{"time":"2023-06-17T17:26:09.183+02:00","version":"1","message":"Extracting table columns took 311ms","logger_name":"Exposed","thread_name":"main","level":"INFO","level_value":20000}
{"time":"2023-06-17T17:26:09.241+02:00","version":"1","message":"Extracting column constraints took 40ms","logger_name":"Exposed","thread_name":"main","level":"INFO","level_value":20000}
{"time":"2023-06-17T17:26:09.474+02:00","version":"1","message":"starting server: Undertow - 2.3.6.Final","logger_name":"io.undertow","thread_name":"main","level":"INFO","level_value":20000}
{"time":"2023-06-17T17:26:09.489+02:00","version":"1","message":"XNIO version 3.8.8.Final","logger_name":"org.xnio","thread_name":"main","level":"INFO","level_value":20000}
{"time":"2023-06-17T17:26:09.522+02:00","version":"1","message":"XNIO NIO Implementation Version 3.8.8.Final","logger_name":"org.xnio.nio","thread_name":"main","level":"INFO","level_value":20000}
{"time":"2023-06-17T17:26:09.666+02:00","version":"1","message":"JBoss Threads version 3.5.0.Final","logger_name":"org.jboss.threads","thread_name":"main","level":"INFO","level_value":20000}
{"time":"2023-06-17T17:26:10.384+02:00","version":"1","message":"stopping server: Undertow - 2.3.6.Final","logger_name":"io.undertow","thread_name":"main","level":"INFO","level_value":20000}
{"time":"2023-06-17T17:26:10.510+02:00","version":"1","message":"Extracting table columns took 35ms","logger_name":"Exposed","thread_name":"main","level":"INFO","level_value":20000}
{"time":"2023-06-17T17:26:10.552+02:00","version":"1","message":"Extracting column constraints took 41ms","logger_name":"Exposed","thread_name":"main","level":"INFO","level_value":20000}
{"time":"2023-06-17T17:26:10.554+02:00","version":"1","message":"starting server: Undertow - 2.3.6.Final","logger_name":"io.undertow","thread_name":"main","level":"INFO","level_value":20000}
{"time":"2023-06-17T17:26:11.263+02:00","version":"1","message":"stopping server: Undertow - 2.3.6.Final","logger_name":"io.undertow","thread_name":"main","level":"INFO","level_value":20000}
{"time":"2023-06-17T17:26:11.298+02:00","version":"1","message":"Extracting table columns took 28ms","logger_name":"Exposed","thread_name":"main","level":"INFO","level_value":20000}
{"time":"2023-06-17T17:26:11.331+02:00","version":"1","message":"Extracting column constraints took 32ms","logger_name":"Exposed","thread_name":"main","level":"INFO","level_value":20000}
{"time":"2023-06-17T17:26:11.334+02:00","version":"1","message":"starting server: Undertow - 2.3.6.Final","logger_name":"io.undertow","thread_name":"main","level":"INFO","level_value":20000}
{"time":"2023-06-17T17:26:13.307+02:00","version":"1","message":"stopping server: Undertow - 2.3.6.Final","logger_name":"io.undertow","thread_name":"main","level":"INFO","level_value":20000}
{"time":"2023-06-17T17:26:26.769+02:00","version":"1","message":"Extracting table columns took 288ms","logger_name":"Exposed","thread_name":"main","level":"INFO","level_value":20000}
{"time":"2023-06-17T17:26:26.830+02:00","version":"1","message":"Extracting column constraints took 42ms","logger_name":"Exposed","thread_name":"main","level":"INFO","level_value":20000}
{"time":"2023-06-17T17:26:27.058+02:00","version":"1","message":"starting server: Undertow - 2.3.6.Final","logger_name":"io.undertow","thread_name":"main","level":"INFO","level_value":20000}
{"time":"2023-06-17T17:26:27.068+02:00","version":"1","message":"XNIO version 3.8.8.Final","logger_name":"org.xnio","thread_name":"main","level":"INFO","level_value":20000}
{"time":"2023-06-17T17:26:27.097+02:00","version":"1","message":"XNIO NIO Implementation Version 3.8.8.Final","logger_name":"org.xnio.nio","thread_name":"main","level":"INFO","level_value":20000}
{"time":"2023-06-17T17:26:27.219+02:00","version":"1","message":"JBoss Threads version 3.5.0.Final","logger_name":"org.jboss.threads","thread_name":"main","level":"INFO","level_value":20000}
{"time":"2023-06-17T17:26:27.758+02:00","version":"1","message":"stopping server: Undertow - 2.3.6.Final","logger_name":"io.undertow","thread_name":"main","level":"INFO","level_value":20000}
{"time":"2023-06-17T17:26:27.861+02:00","version":"1","message":"Extracting table columns took 26ms","logger_name":"Exposed","thread_name":"main","level":"INFO","level_value":20000}
{"time":"2023-06-17T17:26:27.890+02:00","version":"1","message":"Extracting column constraints took 28ms","logger_name":"Exposed","thread_name":"main","level":"INFO","level_value":20000}
{"time":"2023-06-17T17:26:27.892+02:00","version":"1","message":"starting server: Undertow - 2.3.6.Final","logger_name":"io.undertow","thread_name":"main","level":"INFO","level_value":20000}
{"time":"2023-06-17T17:26:33.293+02:00","version":"1","message":"Validation exception","logger_name":"app","thread_name":"XNIO-2 task-2","level":"INFO","level_value":20000,"stack_trace":"me.snitchon.example.types.ValidationException: invalid email: foobar\n\tat me.snitchon.example.types.CreateUserAction.<init>(Actions.kt:9)\n\tat me.snitchon.example.types.CreateUserAction.<init>(Actions.kt)\n\tat me.snitchon.example.types.CreateUserAction.<init>(Actions.kt:5)\n\tat me.snitchon.example.api.users.UsersControllerKt$createUser$2$1.invoke(UsersController.kt:124)\n\tat me.snitchon.example.api.users.UsersControllerKt$createUser$2$1.invoke(UsersController.kt:122)\n\tat org.jetbrains.exposed.sql.transactions.ThreadLocalTransactionManagerKt.inTopLevelTransaction$run(ThreadLocalTransactionManager.kt:215)\n\tat org.jetbrains.exposed.sql.transactions.ThreadLocalTransactionManagerKt.access$inTopLevelTransaction$run(ThreadLocalTransactionManager.kt:1)\n\tat org.jetbrains.exposed.sql.transactions.ThreadLocalTransactionManagerKt$inTopLevelTransaction$1.invoke(ThreadLocalTransactionManager.kt:241)\n\tat org.jetbrains.exposed.sql.transactions.ThreadLocalTransactionManagerKt.keepAndRestoreTransactionRefAfterRun(ThreadLocalTransactionManager.kt:249)\n\tat org.jetbrains.exposed.sql.transactions.ThreadLocalTransactionManagerKt.inTopLevelTransaction(ThreadLocalTransactionManager.kt:240)\n\tat org.jetbrains.exposed.sql.transactions.ThreadLocalTransactionManagerKt$transaction$1.invoke(ThreadLocalTransactionManager.kt:190)\n\tat org.jetbrains.exposed.sql.transactions.ThreadLocalTransactionManagerKt.keepAndRestoreTransactionRefAfterRun(ThreadLocalTransactionManager.kt:249)\n\tat org.jetbrains.exposed.sql.transactions.ThreadLocalTransactionManagerKt.transaction(ThreadLocalTransactionManager.kt:160)\n\tat org.jetbrains.exposed.sql.transactions.ThreadLocalTransactionManagerKt.transaction(ThreadLocalTransactionManager.kt:146)\n\tat org.jetbrains.exposed.sql.transactions.ThreadLocalTransactionManagerKt.transaction$default(ThreadLocalTransactionManager.kt:145)\n\tat me.snitchon.example.api.users.UsersControllerKt$createUser$2.invoke-yeD6tYs(UsersController.kt:122)\n\tat me.snitchon.example.api.users.UsersControllerKt$createUser$2.invoke(UsersController.kt:121)\n\tat me.snitchon.Router$apply$1$1.invoke(Router.kt:77)\n\tat me.snitchon.Router$apply$1$1.invoke(Router.kt:75)\n\tat undertow.snitch.spark.UndertowSnitchService.handle$lambda$6(UndertowService.kt:119)\n\tat org.jboss.threads.ContextHandler$1.runWith(ContextHandler.java:18)\n\tat org.jboss.threads.EnhancedQueueExecutor$Task.run(EnhancedQueueExecutor.java:2513)\n\tat org.jboss.threads.EnhancedQueueExecutor$ThreadBody.run(EnhancedQueueExecutor.java:1538)\n\tat org.xnio.XnioWorker$WorkerThreadFactory$1$1.run(XnioWorker.java:1282)\n\tat java.base/java.lang.Thread.run(Thread.java:833)\n"}
{"time":"2023-06-17T17:26:33.326+02:00","version":"1","message":"stopping server: Undertow - 2.3.6.Final","logger_name":"io.undertow","thread_name":"main","level":"INFO","level_value":20000}
{"time":"2023-06-17T17:26:33.356+02:00","version":"1","message":"Extracting table columns took 24ms","logger_name":"Exposed","thread_name":"main","level":"INFO","level_value":20000}
{"time":"2023-06-17T17:26:33.382+02:00","version":"1","message":"Extracting column constraints took 25ms","logger_name":"Exposed","thread_name":"main","level":"INFO","level_value":20000}
{"time":"2023-06-17T17:26:33.384+02:00","version":"1","message":"starting server: Undertow - 2.3.6.Final","logger_name":"io.undertow","thread_name":"main","level":"INFO","level_value":20000}
{"time":"2023-06-17T17:26:35.005+02:00","version":"1","message":"stopping server: Undertow - 2.3.6.Final","logger_name":"io.undertow","thread_name":"main","level":"INFO","level_value":20000}
{"time":"2023-06-17T17:28:28.160+02:00","version":"1","message":"Extracting table columns took 270ms","logger_name":"Exposed","thread_name":"main","level":"INFO","level_value":20000}
{"time":"2023-06-17T17:28:28.218+02:00","version":"1","message":"Extracting column constraints took 40ms","logger_name":"Exposed","thread_name":"main","level":"INFO","level_value":20000}
{"time":"2023-06-17T17:28:28.434+02:00","version":"1","message":"starting server: Undertow - 2.3.6.Final","logger_name":"io.undertow","thread_name":"main","level":"INFO","level_value":20000}
{"time":"2023-06-17T17:28:28.447+02:00","version":"1","message":"XNIO version 3.8.8.Final","logger_name":"org.xnio","thread_name":"main","level":"INFO","level_value":20000}
{"time":"2023-06-17T17:28:28.476+02:00","version":"1","message":"XNIO NIO Implementation Version 3.8.8.Final","logger_name":"org.xnio.nio","thread_name":"main","level":"INFO","level_value":20000}
{"time":"2023-06-17T17:28:28.582+02:00","version":"1","message":"JBoss Threads version 3.5.0.Final","logger_name":"org.jboss.threads","thread_name":"main","level":"INFO","level_value":20000}
{"time":"2023-06-17T17:28:29.185+02:00","version":"1","message":"stopping server: Undertow - 2.3.6.Final","logger_name":"io.undertow","thread_name":"main","level":"INFO","level_value":20000}
{"time":"2023-06-17T17:28:29.298+02:00","version":"1","message":"Extracting table columns took 34ms","logger_name":"Exposed","thread_name":"main","level":"INFO","level_value":20000}
{"time":"2023-06-17T17:28:29.328+02:00","version":"1","message":"Extracting column constraints took 29ms","logger_name":"Exposed","thread_name":"main","level":"INFO","level_value":20000}
{"time":"2023-06-17T17:28:29.330+02:00","version":"1","message":"starting server: Undertow - 2.3.6.Final","logger_name":"io.undertow","thread_name":"main","level":"INFO","level_value":20000}
{"time":"2023-06-17T17:28:34.495+02:00","version":"1","message":"Validation exception","logger_name":"app","thread_name":"XNIO-2 task-2","level":"INFO","level_value":20000,"stack_trace":"me.snitchon.example.types.ValidationException: invalid email: foobar\n\tat me.snitchon.example.types.CreateUserAction.<init>(Actions.kt:9)\n\tat me.snitchon.example.types.CreateUserAction.<init>(Actions.kt)\n\tat me.snitchon.example.types.CreateUserAction.<init>(Actions.kt:5)\n\tat me.snitchon.example.api.users.UsersControllerKt$createUser$2$1.invoke(UsersController.kt:124)\n\tat me.snitchon.example.api.users.UsersControllerKt$createUser$2$1.invoke(UsersController.kt:122)\n\tat org.jetbrains.exposed.sql.transactions.ThreadLocalTransactionManagerKt.inTopLevelTransaction$run(ThreadLocalTransactionManager.kt:215)\n\tat org.jetbrains.exposed.sql.transactions.ThreadLocalTransactionManagerKt.access$inTopLevelTransaction$run(ThreadLocalTransactionManager.kt:1)\n\tat org.jetbrains.exposed.sql.transactions.ThreadLocalTransactionManagerKt$inTopLevelTransaction$1.invoke(ThreadLocalTransactionManager.kt:241)\n\tat org.jetbrains.exposed.sql.transactions.ThreadLocalTransactionManagerKt.keepAndRestoreTransactionRefAfterRun(ThreadLocalTransactionManager.kt:249)\n\tat org.jetbrains.exposed.sql.transactions.ThreadLocalTransactionManagerKt.inTopLevelTransaction(ThreadLocalTransactionManager.kt:240)\n\tat org.jetbrains.exposed.sql.transactions.ThreadLocalTransactionManagerKt$transaction$1.invoke(ThreadLocalTransactionManager.kt:190)\n\tat org.jetbrains.exposed.sql.transactions.ThreadLocalTransactionManagerKt.keepAndRestoreTransactionRefAfterRun(ThreadLocalTransactionManager.kt:249)\n\tat org.jetbrains.exposed.sql.transactions.ThreadLocalTransactionManagerKt.transaction(ThreadLocalTransactionManager.kt:160)\n\tat org.jetbrains.exposed.sql.transactions.ThreadLocalTransactionManagerKt.transaction(ThreadLocalTransactionManager.kt:146)\n\tat org.jetbrains.exposed.sql.transactions.ThreadLocalTransactionManagerKt.transaction$default(ThreadLocalTransactionManager.kt:145)\n\tat me.snitchon.example.api.users.UsersControllerKt$createUser$2.invoke-yeD6tYs(UsersController.kt:122)\n\tat me.snitchon.example.api.users.UsersControllerKt$createUser$2.invoke(UsersController.kt:121)\n\tat me.snitchon.Router$apply$1$1.invoke(Router.kt:77)\n\tat me.snitchon.Router$apply$1$1.invoke(Router.kt:75)\n\tat undertow.snitch.spark.UndertowSnitchService.handle$lambda$6(UndertowService.kt:119)\n\tat org.jboss.threads.ContextHandler$1.runWith(ContextHandler.java:18)\n\tat org.jboss.threads.EnhancedQueueExecutor$Task.run(EnhancedQueueExecutor.java:2513)\n\tat org.jboss.threads.EnhancedQueueExecutor$ThreadBody.run(EnhancedQueueExecutor.java:1538)\n\tat org.xnio.XnioWorker$WorkerThreadFactory$1$1.run(XnioWorker.java:1282)\n\tat java.base/java.lang.Thread.run(Thread.java:833)\n"}
{"time":"2023-06-17T17:28:34.529+02:00","version":"1","message":"stopping server: Undertow - 2.3.6.Final","logger_name":"io.undertow","thread_name":"main","level":"INFO","level_value":20000}
{"time":"2023-06-17T17:28:34.565+02:00","version":"1","message":"Extracting table columns took 28ms","logger_name":"Exposed","thread_name":"main","level":"INFO","level_value":20000}
{"time":"2023-06-17T17:28:34.595+02:00","version":"1","message":"Extracting column constraints took 30ms","logger_name":"Exposed","thread_name":"main","level":"INFO","level_value":20000}
{"time":"2023-06-17T17:28:34.598+02:00","version":"1","message":"starting server: Undertow - 2.3.6.Final","logger_name":"io.undertow","thread_name":"main","level":"INFO","level_value":20000}
{"time":"2023-06-17T17:28:36.251+02:00","version":"1","message":"stopping server: Undertow - 2.3.6.Final","logger_name":"io.undertow","thread_name":"main","level":"INFO","level_value":20000}
{"time":"2023-06-17T17:30:19.296+02:00","version":"1","message":"Extracting table columns took 283ms","logger_name":"Exposed","thread_name":"main","level":"INFO","level_value":20000}
{"time":"2023-06-17T17:30:19.361+02:00","version":"1","message":"Extracting column constraints took 40ms","logger_name":"Exposed","thread_name":"main","level":"INFO","level_value":20000}
{"time":"2023-06-17T17:30:19.653+02:00","version":"1","message":"starting server: Undertow - 2.3.6.Final","logger_name":"io.undertow","thread_name":"main","level":"INFO","level_value":20000}
{"time":"2023-06-17T17:30:19.667+02:00","version":"1","message":"XNIO version 3.8.8.Final","logger_name":"org.xnio","thread_name":"main","level":"INFO","level_value":20000}
{"time":"2023-06-17T17:30:19.685+02:00","version":"1","message":"XNIO NIO Implementation Version 3.8.8.Final","logger_name":"org.xnio.nio","thread_name":"main","level":"INFO","level_value":20000}
{"time":"2023-06-17T17:30:19.823+02:00","version":"1","message":"JBoss Threads version 3.5.0.Final","logger_name":"org.jboss.threads","thread_name":"main","level":"INFO","level_value":20000}
{"time":"2023-06-17T17:30:20.789+02:00","version":"1","message":"stopping server: Undertow - 2.3.6.Final","logger_name":"io.undertow","thread_name":"main","level":"INFO","level_value":20000}
{"time":"2023-06-17T17:30:44.155+02:00","version":"1","message":"Extracting table columns took 328ms","logger_name":"Exposed","thread_name":"main","level":"INFO","level_value":20000}
{"time":"2023-06-17T17:30:44.222+02:00","version":"1","message":"Extracting column constraints took 44ms","logger_name":"Exposed","thread_name":"main","level":"INFO","level_value":20000}
{"time":"2023-06-17T17:30:44.489+02:00","version":"1","message":"starting server: Undertow - 2.3.6.Final","logger_name":"io.undertow","thread_name":"main","level":"INFO","level_value":20000}
{"time":"2023-06-17T17:30:44.506+02:00","version":"1","message":"XNIO version 3.8.8.Final","logger_name":"org.xnio","thread_name":"main","level":"INFO","level_value":20000}
{"time":"2023-06-17T17:30:44.530+02:00","version":"1","message":"XNIO NIO Implementation Version 3.8.8.Final","logger_name":"org.xnio.nio","thread_name":"main","level":"INFO","level_value":20000}
{"time":"2023-06-17T17:30:44.673+02:00","version":"1","message":"JBoss Threads version 3.5.0.Final","logger_name":"org.jboss.threads","thread_name":"main","level":"INFO","level_value":20000}
{"time":"2023-06-17T17:30:45.841+02:00","version":"1","message":"stopping server: Undertow - 2.3.6.Final","logger_name":"io.undertow","thread_name":"main","level":"INFO","level_value":20000}
{"time":"2023-06-17T17:31:40.578+02:00","version":"1","message":"Extracting table columns took 272ms","logger_name":"Exposed","thread_name":"main","level":"INFO","level_value":20000}
{"time":"2023-06-17T17:31:40.639+02:00","version":"1","message":"Extracting column constraints took 40ms","logger_name":"Exposed","thread_name":"main","level":"INFO","level_value":20000}
{"time":"2023-06-17T17:31:40.901+02:00","version":"1","message":"starting server: Undertow - 2.3.6.Final","logger_name":"io.undertow","thread_name":"main","level":"INFO","level_value":20000}
{"time":"2023-06-17T17:31:40.913+02:00","version":"1","message":"XNIO version 3.8.8.Final","logger_name":"org.xnio","thread_name":"main","level":"INFO","level_value":20000}
{"time":"2023-06-17T17:31:40.928+02:00","version":"1","message":"XNIO NIO Implementation Version 3.8.8.Final","logger_name":"org.xnio.nio","thread_name":"main","level":"INFO","level_value":20000}
{"time":"2023-06-17T17:31:41.067+02:00","version":"1","message":"JBoss Threads version 3.5.0.Final","logger_name":"org.jboss.threads","thread_name":"main","level":"INFO","level_value":20000}
{"time":"2023-06-17T17:31:42.084+02:00","version":"1","message":"stopping server: Undertow - 2.3.6.Final","logger_name":"io.undertow","thread_name":"main","level":"INFO","level_value":20000}
{"time":"2023-06-17T17:33:55.953+02:00","version":"1","message":"Extracting table columns took 336ms","logger_name":"Exposed","thread_name":"main","level":"INFO","level_value":20000}
{"time":"2023-06-17T17:33:56.046+02:00","version":"1","message":"Extracting column constraints took 54ms","logger_name":"Exposed","thread_name":"main","level":"INFO","level_value":20000}
{"time":"2023-06-17T17:33:56.370+02:00","version":"1","message":"starting server: Undertow - 2.3.6.Final","logger_name":"io.undertow","thread_name":"main","level":"INFO","level_value":20000}
{"time":"2023-06-17T17:33:56.386+02:00","version":"1","message":"XNIO version 3.8.8.Final","logger_name":"org.xnio","thread_name":"main","level":"INFO","level_value":20000}
{"time":"2023-06-17T17:33:56.407+02:00","version":"1","message":"XNIO NIO Implementation Version 3.8.8.Final","logger_name":"org.xnio.nio","thread_name":"main","level":"INFO","level_value":20000}
{"time":"2023-06-17T17:33:56.570+02:00","version":"1","message":"JBoss Threads version 3.5.0.Final","logger_name":"org.jboss.threads","thread_name":"main","level":"INFO","level_value":20000}
{"time":"2023-06-17T17:33:57.853+02:00","version":"1","message":"stopping server: Undertow - 2.3.6.Final","logger_name":"io.undertow","thread_name":"main","level":"INFO","level_value":20000}
{"time":"2023-06-17T17:35:57.941+02:00","version":"1","message":"Extracting table columns took 326ms","logger_name":"Exposed","thread_name":"main","level":"INFO","level_value":20000}
{"time":"2023-06-17T17:35:58.008+02:00","version":"1","message":"Extracting column constraints took 47ms","logger_name":"Exposed","thread_name":"main","level":"INFO","level_value":20000}
{"time":"2023-06-17T17:35:58.356+02:00","version":"1","message":"starting server: Undertow - 2.3.6.Final","logger_name":"io.undertow","thread_name":"main","level":"INFO","level_value":20000}
{"time":"2023-06-17T17:35:58.392+02:00","version":"1","message":"XNIO version 3.8.8.Final","logger_name":"org.xnio","thread_name":"main","level":"INFO","level_value":20000}
{"time":"2023-06-17T17:35:58.419+02:00","version":"1","message":"XNIO NIO Implementation Version 3.8.8.Final","logger_name":"org.xnio.nio","thread_name":"main","level":"INFO","level_value":20000}
{"time":"2023-06-17T17:35:58.612+02:00","version":"1","message":"JBoss Threads version 3.5.0.Final","logger_name":"org.jboss.threads","thread_name":"main","level":"INFO","level_value":20000}
{"time":"2023-06-17T17:35:59.904+02:00","version":"1","message":"stopping server: Undertow - 2.3.6.Final","logger_name":"io.undertow","thread_name":"main","level":"INFO","level_value":20000}
{"time":"2023-06-17T17:36:25.877+02:00","version":"1","message":"Extracting table columns took 299ms","logger_name":"Exposed","thread_name":"main","level":"INFO","level_value":20000}
{"time":"2023-06-17T17:36:25.945+02:00","version":"1","message":"Extracting column constraints took 38ms","logger_name":"Exposed","thread_name":"main","level":"INFO","level_value":20000}
{"time":"2023-06-17T17:36:26.191+02:00","version":"1","message":"starting server: Undertow - 2.3.6.Final","logger_name":"io.undertow","thread_name":"main","level":"INFO","level_value":20000}
{"time":"2023-06-17T17:36:26.206+02:00","version":"1","message":"XNIO version 3.8.8.Final","logger_name":"org.xnio","thread_name":"main","level":"INFO","level_value":20000}
{"time":"2023-06-17T17:36:26.222+02:00","version":"1","message":"XNIO NIO Implementation Version 3.8.8.Final","logger_name":"org.xnio.nio","thread_name":"main","level":"INFO","level_value":20000}
{"time":"2023-06-17T17:36:26.334+02:00","version":"1","message":"JBoss Threads version 3.5.0.Final","logger_name":"org.jboss.threads","thread_name":"main","level":"INFO","level_value":20000}
{"time":"2023-06-17T17:36:29.118+02:00","version":"1","message":"stopping server: Undertow - 2.3.6.Final","logger_name":"io.undertow","thread_name":"main","level":"INFO","level_value":20000}
{"time":"2023-06-17T17:37:30.566+02:00","version":"1","message":"Extracting table columns took 333ms","logger_name":"Exposed","thread_name":"main","level":"INFO","level_value":20000}
{"time":"2023-06-17T17:37:30.633+02:00","version":"1","message":"Extracting column constraints took 41ms","logger_name":"Exposed","thread_name":"main","level":"INFO","level_value":20000}
{"time":"2023-06-17T17:37:30.951+02:00","version":"1","message":"starting server: Undertow - 2.3.6.Final","logger_name":"io.undertow","thread_name":"main","level":"INFO","level_value":20000}
{"time":"2023-06-17T17:37:30.965+02:00","version":"1","message":"XNIO version 3.8.8.Final","logger_name":"org.xnio","thread_name":"main","level":"INFO","level_value":20000}
{"time":"2023-06-17T17:37:30.983+02:00","version":"1","message":"XNIO NIO Implementation Version 3.8.8.Final","logger_name":"org.xnio.nio","thread_name":"main","level":"INFO","level_value":20000}
{"time":"2023-06-17T17:37:31.147+02:00","version":"1","message":"JBoss Threads version 3.5.0.Final","logger_name":"org.jboss.threads","thread_name":"main","level":"INFO","level_value":20000}
{"time":"2023-06-17T17:37:34.228+02:00","version":"1","message":"stopping server: Undertow - 2.3.6.Final","logger_name":"io.undertow","thread_name":"main","level":"INFO","level_value":20000}
{"time":"2023-06-17T17:37:46.136+02:00","version":"1","message":"Extracting table columns took 271ms","logger_name":"Exposed","thread_name":"main","level":"INFO","level_value":20000}
{"time":"2023-06-17T17:37:46.193+02:00","version":"1","message":"Extracting column constraints took 39ms","logger_name":"Exposed","thread_name":"main","level":"INFO","level_value":20000}
{"time":"2023-06-17T17:37:46.395+02:00","version":"1","message":"starting server: Undertow - 2.3.6.Final","logger_name":"io.undertow","thread_name":"main","level":"INFO","level_value":20000}
{"time":"2023-06-17T17:37:46.408+02:00","version":"1","message":"XNIO version 3.8.8.Final","logger_name":"org.xnio","thread_name":"main","level":"INFO","level_value":20000}
{"time":"2023-06-17T17:37:46.433+02:00","version":"1","message":"XNIO NIO Implementation Version 3.8.8.Final","logger_name":"org.xnio.nio","thread_name":"main","level":"INFO","level_value":20000}
{"time":"2023-06-17T17:37:46.561+02:00","version":"1","message":"JBoss Threads version 3.5.0.Final","logger_name":"org.jboss.threads","thread_name":"main","level":"INFO","level_value":20000}
{"time":"2023-06-17T17:37:49.120+02:00","version":"1","message":"stopping server: Undertow - 2.3.6.Final","logger_name":"io.undertow","thread_name":"main","level":"INFO","level_value":20000}
{"time":"2023-06-17T17:38:15.222+02:00","version":"1","message":"Extracting table columns took 274ms","logger_name":"Exposed","thread_name":"main","level":"INFO","level_value":20000}
{"time":"2023-06-17T17:38:15.274+02:00","version":"1","message":"Extracting column constraints took 37ms","logger_name":"Exposed","thread_name":"main","level":"INFO","level_value":20000}
{"time":"2023-06-17T17:38:15.563+02:00","version":"1","message":"starting server: Undertow - 2.3.6.Final","logger_name":"io.undertow","thread_name":"main","level":"INFO","level_value":20000}
{"time":"2023-06-17T17:38:15.574+02:00","version":"1","message":"XNIO version 3.8.8.Final","logger_name":"org.xnio","thread_name":"main","level":"INFO","level_value":20000}
{"time":"2023-06-17T17:38:15.587+02:00","version":"1","message":"XNIO NIO Implementation Version 3.8.8.Final","logger_name":"org.xnio.nio","thread_name":"main","level":"INFO","level_value":20000}
{"time":"2023-06-17T17:38:15.707+02:00","version":"1","message":"JBoss Threads version 3.5.0.Final","logger_name":"org.jboss.threads","thread_name":"main","level":"INFO","level_value":20000}
{"time":"2023-06-17T17:38:18.399+02:00","version":"1","message":"stopping server: Undertow - 2.3.6.Final","logger_name":"io.undertow","thread_name":"main","level":"INFO","level_value":20000}
{"time":"2023-06-17T17:41:03.790+02:00","version":"1","message":"Extracting table columns took 327ms","logger_name":"Exposed","thread_name":"main","level":"INFO","level_value":20000}
{"time":"2023-06-17T17:41:03.858+02:00","version":"1","message":"Extracting column constraints took 43ms","logger_name":"Exposed","thread_name":"main","level":"INFO","level_value":20000}
{"time":"2023-06-17T17:41:04.166+02:00","version":"1","message":"starting server: Undertow - 2.3.6.Final","logger_name":"io.undertow","thread_name":"main","level":"INFO","level_value":20000}
{"time":"2023-06-17T17:41:04.178+02:00","version":"1","message":"XNIO version 3.8.8.Final","logger_name":"org.xnio","thread_name":"main","level":"INFO","level_value":20000}
{"time":"2023-06-17T17:41:04.193+02:00","version":"1","message":"XNIO NIO Implementation Version 3.8.8.Final","logger_name":"org.xnio.nio","thread_name":"main","level":"INFO","level_value":20000}
{"time":"2023-06-17T17:41:04.321+02:00","version":"1","message":"JBoss Threads version 3.5.0.Final","logger_name":"org.jboss.threads","thread_name":"main","level":"INFO","level_value":20000}
{"time":"2023-06-17T17:41:06.955+02:00","version":"1","message":"stopping server: Undertow - 2.3.6.Final","logger_name":"io.undertow","thread_name":"main","level":"INFO","level_value":20000}
{"time":"2023-06-17T17:41:47.664+02:00","version":"1","message":"Extracting table columns took 297ms","logger_name":"Exposed","thread_name":"main","level":"INFO","level_value":20000}
{"time":"2023-06-17T17:41:47.720+02:00","version":"1","message":"Extracting column constraints took 39ms","logger_name":"Exposed","thread_name":"main","level":"INFO","level_value":20000}
{"time":"2023-06-17T17:41:48.148+02:00","version":"1","message":"starting server: Undertow - 2.3.6.Final","logger_name":"io.undertow","thread_name":"main","level":"INFO","level_value":20000}
{"time":"2023-06-17T17:41:48.164+02:00","version":"1","message":"XNIO version 3.8.8.Final","logger_name":"org.xnio","thread_name":"main","level":"INFO","level_value":20000}
{"time":"2023-06-17T17:41:48.183+02:00","version":"1","message":"XNIO NIO Implementation Version 3.8.8.Final","logger_name":"org.xnio.nio","thread_name":"main","level":"INFO","level_value":20000}
{"time":"2023-06-17T17:41:48.365+02:00","version":"1","message":"JBoss Threads version 3.5.0.Final","logger_name":"org.jboss.threads","thread_name":"main","level":"INFO","level_value":20000}
{"time":"2023-06-17T17:41:51.080+02:00","version":"1","message":"stopping server: Undertow - 2.3.6.Final","logger_name":"io.undertow","thread_name":"main","level":"INFO","level_value":20000}
{"time":"2023-06-17T17:43:23.905+02:00","version":"1","message":"Extracting table columns took 338ms","logger_name":"Exposed","thread_name":"main","level":"INFO","level_value":20000}
{"time":"2023-06-17T17:43:23.981+02:00","version":"1","message":"Extracting column constraints took 42ms","logger_name":"Exposed","thread_name":"main","level":"INFO","level_value":20000}
{"time":"2023-06-17T17:43:24.427+02:00","version":"1","message":"starting server: Undertow - 2.3.6.Final","logger_name":"io.undertow","thread_name":"main","level":"INFO","level_value":20000}
{"time":"2023-06-17T17:43:24.443+02:00","version":"1","message":"XNIO version 3.8.8.Final","logger_name":"org.xnio","thread_name":"main","level":"INFO","level_value":20000}
{"time":"2023-06-17T17:43:24.464+02:00","version":"1","message":"XNIO NIO Implementation Version 3.8.8.Final","logger_name":"org.xnio.nio","thread_name":"main","level":"INFO","level_value":20000}
{"time":"2023-06-17T17:43:24.646+02:00","version":"1","message":"JBoss Threads version 3.5.0.Final","logger_name":"org.jboss.threads","thread_name":"main","level":"INFO","level_value":20000}
{"time":"2023-06-17T17:43:27.471+02:00","version":"1","message":"stopping server: Undertow - 2.3.6.Final","logger_name":"io.undertow","thread_name":"main","level":"INFO","level_value":20000}
{"time":"2023-06-17T17:43:35.491+02:00","version":"1","message":"Extracting table columns took 289ms","logger_name":"Exposed","thread_name":"main","level":"INFO","level_value":20000}
{"time":"2023-06-17T17:43:35.540+02:00","version":"1","message":"Extracting column constraints took 34ms","logger_name":"Exposed","thread_name":"main","level":"INFO","level_value":20000}
{"time":"2023-06-17T17:43:35.831+02:00","version":"1","message":"starting server: Undertow - 2.3.6.Final","logger_name":"io.undertow","thread_name":"main","level":"INFO","level_value":20000}
{"time":"2023-06-17T17:43:35.843+02:00","version":"1","message":"XNIO version 3.8.8.Final","logger_name":"org.xnio","thread_name":"main","level":"INFO","level_value":20000}
{"time":"2023-06-17T17:43:35.865+02:00","version":"1","message":"XNIO NIO Implementation Version 3.8.8.Final","logger_name":"org.xnio.nio","thread_name":"main","level":"INFO","level_value":20000}
{"time":"2023-06-17T17:43:36.065+02:00","version":"1","message":"JBoss Threads version 3.5.0.Final","logger_name":"org.jboss.threads","thread_name":"main","level":"INFO","level_value":20000}
{"time":"2023-06-17T17:43:39.233+02:00","version":"1","message":"stopping server: Undertow - 2.3.6.Final","logger_name":"io.undertow","thread_name":"main","level":"INFO","level_value":20000}
{"time":"2023-06-17T18:29:16.622+02:00","version":"1","message":"Extracting table columns took 334ms","logger_name":"Exposed","thread_name":"main","level":"INFO","level_value":20000}
{"time":"2023-06-17T18:29:16.701+02:00","version":"1","message":"Extracting column constraints took 50ms","logger_name":"Exposed","thread_name":"main","level":"INFO","level_value":20000}
{"time":"2023-06-17T18:29:16.952+02:00","version":"1","message":"starting server: Undertow - 2.3.6.Final","logger_name":"io.undertow","thread_name":"main","level":"INFO","level_value":20000}
{"time":"2023-06-17T18:29:16.967+02:00","version":"1","message":"XNIO version 3.8.8.Final","logger_name":"org.xnio","thread_name":"main","level":"INFO","level_value":20000}
{"time":"2023-06-17T18:29:16.988+02:00","version":"1","message":"XNIO NIO Implementation Version 3.8.8.Final","logger_name":"org.xnio.nio","thread_name":"main","level":"INFO","level_value":20000}
{"time":"2023-06-17T18:29:17.107+02:00","version":"1","message":"JBoss Threads version 3.5.0.Final","logger_name":"org.jboss.threads","thread_name":"main","level":"INFO","level_value":20000}
{"time":"2023-06-17T18:29:20.932+02:00","version":"1","message":"stopping server: Undertow - 2.3.6.Final","logger_name":"io.undertow","thread_name":"main","level":"INFO","level_value":20000}
